<?xml version="1.0" ?>
<!DOCTYPE coverage SYSTEM "http://cobertura.sourceforge.net/xml/coverage-04.dtd">
<coverage lines-valid="67" lines-covered="2" line-rate="0.0298" branches-valid="4" branches-covered="0" branch-rate="0" timestamp="1680789721756" complexity="0" version="0.1">
  <sources>
    <source>C:\Software\ReactJS</source>
  </sources>
  <packages>
    <package name="src" line-rate="0.1" branch-rate="0">
      <classes>
        <class name="App.js" filename="src\App.js" line-rate="1" branch-rate="1">
          <methods>
            <method name="App" hits="2" signature="()V">
              <lines>
                <line number="148" hits="2"/>
              </lines>
            </method>
          </methods>
          <lines>
            <line number="149" hits="2" branch="false"/>
          </lines>
        </class>
        <class name="Menu.js" filename="src\Menu.js" line-rate="1" branch-rate="1">
          <methods>
            <method name="Menuone" hits="2" signature="()V">
              <lines>
                <line number="7" hits="2"/>
              </lines>
            </method>
          </methods>
          <lines>
            <line number="8" hits="2" branch="false"/>
          </lines>
        </class>
        <class name="card.js" filename="src\card.js" line-rate="0" branch-rate="1">
          <methods>
            <method name="Congratscard" hits="0" signature="()V">
              <lines>
                <line number="7" hits="0"/>
              </lines>
            </method>
          </methods>
          <lines>
            <line number="8" hits="0" branch="false"/>
          </lines>
        </class>
        <class name="home.js" filename="src\home.js" line-rate="0" branch-rate="1">
          <methods>
            <method name="Homeone" hits="0" signature="()V">
              <lines>
                <line number="3" hits="0"/>
              </lines>
            </method>
          </methods>
          <lines>
            <line number="4" hits="0" branch="false"/>
          </lines>
        </class>
        <class name="index.js" filename="src\index.js" line-rate="0" branch-rate="1">
          <methods>
          </methods>
          <lines>
            <line number="7" hits="0" branch="false"/>
            <line number="8" hits="0" branch="false"/>
            <line number="17" hits="0" branch="false"/>
          </lines>
        </class>
        <class name="league.js" filename="src\league.js" line-rate="0" branch-rate="1">
          <methods>
            <method name="League" hits="0" signature="()V">
              <lines>
                <line number="7" hits="0"/>
              </lines>
            </method>
          </methods>
          <lines>
            <line number="8" hits="0" branch="false"/>
          </lines>
        </class>
        <class name="loginpage.js" filename="src\loginpage.js" line-rate="0" branch-rate="1">
          <methods>
            <method name="Login" hits="0" signature="()V">
              <lines>
                <line number="8" hits="0"/>
              </lines>
            </method>
          </methods>
          <lines>
            <line number="9" hits="0" branch="false"/>
          </lines>
        </class>
        <class name="notification.js" filename="src\notification.js" line-rate="0" branch-rate="1">
          <methods>
            <method name="Notification" hits="0" signature="()V">
              <lines>
                <line number="7" hits="0"/>
              </lines>
            </method>
          </methods>
          <lines>
            <line number="8" hits="0" branch="false"/>
          </lines>
        </class>
        <class name="reportWebVitals.js" filename="src\reportWebVitals.js" line-rate="0" branch-rate="0">
          <methods>
            <method name="(anonymous_0)" hits="0" signature="()V">
              <lines>
                <line number="1" hits="0"/>
              </lines>
            </method>
            <method name="(anonymous_1)" hits="0" signature="()V">
              <lines>
                <line number="3" hits="0"/>
              </lines>
            </method>
          </methods>
          <lines>
            <line number="1" hits="0" branch="false"/>
            <line number="2" hits="0" branch="true" condition-coverage="0% (0/4)"/>
            <line number="3" hits="0" branch="false"/>
            <line number="4" hits="0" branch="false"/>
            <line number="5" hits="0" branch="false"/>
            <line number="6" hits="0" branch="false"/>
            <line number="7" hits="0" branch="false"/>
            <line number="8" hits="0" branch="false"/>
          </lines>
        </class>
        <class name="socialbuttons.js" filename="src\socialbuttons.js" line-rate="0" branch-rate="1">
          <methods>
            <method name="Socialbuttons" hits="0" signature="()V">
              <lines>
                <line number="5" hits="0"/>
              </lines>
            </method>
          </methods>
          <lines>
            <line number="6" hits="0" branch="false"/>
          </lines>
        </class>
        <class name="technology.js" filename="src\technology.js" line-rate="0" branch-rate="1">
          <methods>
            <method name="Technology" hits="0" signature="()V">
              <lines>
                <line number="10" hits="0"/>
              </lines>
            </method>
          </methods>
          <lines>
            <line number="11" hits="0" branch="false"/>
          </lines>
        </class>
      </classes>
    </package>
    <package name="src.jsontask" line-rate="0" branch-rate="1">
      <classes>
        <class name="jsondetails.js" filename="src\jsontask\jsondetails.js" line-rate="0" branch-rate="1">
          <methods>
            <method name="Details1" hits="0" signature="()V">
              <lines>
                <line number="6" hits="0"/>
              </lines>
            </method>
            <method name="(anonymous_1)" hits="0" signature="()V">
              <lines>
                <line number="9" hits="0"/>
              </lines>
            </method>
            <method name="(anonymous_2)" hits="0" signature="()V">
              <lines>
                <line number="11" hits="0"/>
              </lines>
            </method>
            <method name="(anonymous_3)" hits="0" signature="()V">
              <lines>
                <line number="12" hits="0"/>
              </lines>
            </method>
          </methods>
          <lines>
            <line number="7" hits="0" branch="false"/>
            <line number="8" hits="0" branch="false"/>
            <line number="9" hits="0" branch="false"/>
            <line number="10" hits="0" branch="false"/>
            <line number="11" hits="0" branch="false"/>
            <line number="12" hits="0" branch="false"/>
            <line number="15" hits="0" branch="false"/>
          </lines>
        </class>
        <class name="jsontask.js" filename="src\jsontask\jsontask.js" line-rate="0" branch-rate="1">
          <methods>
            <method name="Jsontask" hits="0" signature="()V">
              <lines>
                <line number="8" hits="0"/>
              </lines>
            </method>
            <method name="(anonymous_1)" hits="0" signature="()V">
              <lines>
                <line number="10" hits="0"/>
              </lines>
            </method>
            <method name="(anonymous_2)" hits="0" signature="()V">
              <lines>
                <line number="12" hits="0"/>
              </lines>
            </method>
            <method name="(anonymous_3)" hits="0" signature="()V">
              <lines>
                <line number="13" hits="0"/>
              </lines>
            </method>
            <method name="(anonymous_4)" hits="0" signature="()V">
              <lines>
                <line number="19" hits="0"/>
              </lines>
            </method>
          </methods>
          <lines>
            <line number="9" hits="0" branch="false"/>
            <line number="10" hits="0" branch="false"/>
            <line number="11" hits="0" branch="false"/>
            <line number="12" hits="0" branch="false"/>
            <line number="13" hits="0" branch="false"/>
            <line number="15" hits="0" branch="false"/>
            <line number="22" hits="0" branch="false"/>
          </lines>
        </class>
        <class name="jsontask2.js" filename="src\jsontask\jsontask2.js" line-rate="0" branch-rate="1">
          <methods>
            <method name="Details" hits="0" signature="()V">
              <lines>
                <line number="6" hits="0"/>
              </lines>
            </method>
            <method name="(anonymous_1)" hits="0" signature="()V">
              <lines>
                <line number="8" hits="0"/>
              </lines>
            </method>
            <method name="(anonymous_2)" hits="0" signature="()V">
              <lines>
                <line number="10" hits="0"/>
              </lines>
            </method>
            <method name="(anonymous_3)" hits="0" signature="()V">
              <lines>
                <line number="11" hits="0"/>
              </lines>
            </method>
            <method name="(anonymous_4)" hits="0" signature="()V">
              <lines>
                <line number="17" hits="0"/>
              </lines>
            </method>
          </methods>
          <lines>
            <line number="7" hits="0" branch="false"/>
            <line number="8" hits="0" branch="false"/>
            <line number="9" hits="0" branch="false"/>
            <line number="10" hits="0" branch="false"/>
            <line number="11" hits="0" branch="false"/>
            <line number="13" hits="0" branch="false"/>
            <line number="18" hits="0" branch="false"/>
          </lines>
        </class>
      </classes>
    </package>
    <package name="src.moodle" line-rate="0" branch-rate="1">
      <classes>
        <class name="datefunction.js" filename="src\moodle\datefunction.js" line-rate="0" branch-rate="1">
          <methods>
            <method name="Datetask" hits="0" signature="()V">
              <lines>
                <line number="4" hits="0"/>
              </lines>
            </method>
            <method name="enddate" hits="0" signature="()V">
              <lines>
                <line number="6" hits="0"/>
              </lines>
            </method>
          </methods>
          <lines>
            <line number="7" hits="0" branch="false"/>
            <line number="8" hits="0" branch="false"/>
            <line number="9" hits="0" branch="false"/>
            <line number="10" hits="0" branch="false"/>
            <line number="14" hits="0" branch="false"/>
          </lines>
        </class>
        <class name="feedback.js" filename="src\moodle\feedback.js" line-rate="0" branch-rate="1">
          <methods>
            <method name="Feedback" hits="0" signature="()V">
              <lines>
                <line number="9" hits="0"/>
              </lines>
            </method>
          </methods>
          <lines>
            <line number="11" hits="0" branch="false"/>
          </lines>
        </class>
        <class name="fruitscounter.js" filename="src\moodle\fruitscounter.js" line-rate="0" branch-rate="1">
          <methods>
            <method name="Fruits" hits="0" signature="()V">
              <lines>
                <line number="5" hits="0"/>
              </lines>
            </method>
            <method name="(anonymous_1)" hits="0" signature="()V">
              <lines>
                <line number="18" hits="0"/>
              </lines>
            </method>
            <method name="(anonymous_2)" hits="0" signature="()V">
              <lines>
                <line number="22" hits="0"/>
              </lines>
            </method>
          </methods>
          <lines>
            <line number="6" hits="0" branch="false"/>
            <line number="7" hits="0" branch="false"/>
            <line number="9" hits="0" branch="false"/>
            <line number="18" hits="0" branch="false"/>
            <line number="22" hits="0" branch="false"/>
          </lines>
        </class>
        <class name="increment.js" filename="src\moodle\increment.js" line-rate="0" branch-rate="1">
          <methods>
            <method name="Increment" hits="0" signature="()V">
              <lines>
                <line number="3" hits="0"/>
              </lines>
            </method>
            <method name="(anonymous_1)" hits="0" signature="()V">
              <lines>
                <line number="12" hits="0"/>
              </lines>
            </method>
            <method name="(anonymous_2)" hits="0" signature="()V">
              <lines>
                <line number="13" hits="0"/>
              </lines>
            </method>
            <method name="(anonymous_3)" hits="0" signature="()V">
              <lines>
                <line number="14" hits="0"/>
              </lines>
            </method>
          </methods>
          <lines>
            <line number="4" hits="0" branch="false"/>
            <line number="5" hits="0" branch="false"/>
            <line number="9" hits="0" branch="false"/>
            <line number="12" hits="0" branch="false"/>
            <line number="13" hits="0" branch="false"/>
            <line number="14" hits="0" branch="false"/>
          </lines>
        </class>
      </classes>
    </package>
    <package name="src.responsive1" line-rate="0" branch-rate="1">
      <classes>
        <class name="about.js" filename="src\responsive1\about.js" line-rate="0" branch-rate="1">
          <methods>
            <method name="About" hits="0" signature="()V">
              <lines>
                <line number="10" hits="0"/>
              </lines>
            </method>
          </methods>
          <lines>
            <line number="11" hits="0" branch="false"/>
          </lines>
        </class>
        <class name="home.js" filename="src\responsive1\home.js" line-rate="0" branch-rate="1">
          <methods>
            <method name="Home" hits="0" signature="()V">
              <lines>
                <line number="8" hits="0"/>
              </lines>
            </method>
          </methods>
          <lines>
            <line number="9" hits="0" branch="false"/>
          </lines>
        </class>
        <class name="menu.js" filename="src\responsive1\menu.js" line-rate="0" branch-rate="1">
          <methods>
            <method name="Menu" hits="0" signature="()V">
              <lines>
                <line number="5" hits="0"/>
              </lines>
            </method>
          </methods>
          <lines>
            <line number="6" hits="0" branch="false"/>
          </lines>
        </class>
        <class name="organicfood.js" filename="src\responsive1\organicfood.js" line-rate="0" branch-rate="1">
          <methods>
            <method name="Organic" hits="0" signature="()V">
              <lines>
                <line number="5" hits="0"/>
              </lines>
            </method>
          </methods>
          <lines>
            <line number="6" hits="0" branch="false"/>
          </lines>
        </class>
        <class name="ourfarm.js" filename="src\responsive1\ourfarm.js" line-rate="0" branch-rate="1">
          <methods>
            <method name="Ourfarm" hits="0" signature="()V">
              <lines>
                <line number="5" hits="0"/>
              </lines>
            </method>
          </methods>
          <lines>
            <line number="6" hits="0" branch="false"/>
          </lines>
        </class>
        <class name="products.js" filename="src\responsive1\products.js" line-rate="0" branch-rate="1">
          <methods>
            <method name="Products" hits="0" signature="()V">
              <lines>
                <line number="8" hits="0"/>
              </lines>
            </method>
          </methods>
          <lines>
            <line number="9" hits="0" branch="false"/>
          </lines>
        </class>
        <class name="responsive.js" filename="src\responsive1\responsive.js" line-rate="0" branch-rate="1">
          <methods>
            <method name="Responsive" hits="0" signature="()V">
              <lines>
                <line number="12" hits="0"/>
              </lines>
            </method>
          </methods>
          <lines>
            <line number="13" hits="0" branch="false"/>
          </lines>
        </class>
        <class name="testimonial.js" filename="src\responsive1\testimonial.js" line-rate="0" branch-rate="1">
          <methods>
            <method name="Testimonials" hits="0" signature="()V">
              <lines>
                <line number="5" hits="0"/>
              </lines>
            </method>
          </methods>
          <lines>
            <line number="6" hits="0" branch="false"/>
          </lines>
        </class>
        <class name="works.js" filename="src\responsive1\works.js" line-rate="0" branch-rate="1">
          <methods>
            <method name="Work" hits="0" signature="()V">
              <lines>
                <line number="11" hits="0"/>
              </lines>
            </method>
          </methods>
          <lines>
            <line number="12" hits="0" branch="false"/>
          </lines>
        </class>
      </classes>
    </package>
  </packages>
</coverage>
